Determining if the pthread_create exist failed with the following output:
Change Dir: /home/neerja/catkin_ws/src/dds_application/dds_application/build/CMakeFiles/CMakeTmp

Run Build Command:"/usr/bin/make" "cmTC_54730/fast"
/usr/bin/make -f CMakeFiles/cmTC_54730.dir/build.make CMakeFiles/cmTC_54730.dir/build
make[1]: Entering directory '/home/neerja/catkin_ws/src/dds_application/dds_application/build/CMakeFiles/CMakeTmp'
Building C object CMakeFiles/cmTC_54730.dir/CheckSymbolExists.c.o
/usr/bin/cc     -o CMakeFiles/cmTC_54730.dir/CheckSymbolExists.c.o   -c /home/neerja/catkin_ws/src/dds_application/dds_application/build/CMakeFiles/CMakeTmp/CheckSymbolExists.c
Linking C executable cmTC_54730
/usr/bin/cmake -E cmake_link_script CMakeFiles/cmTC_54730.dir/link.txt --verbose=1
/usr/bin/cc       CMakeFiles/cmTC_54730.dir/CheckSymbolExists.c.o  -o cmTC_54730 -rdynamic 
CMakeFiles/cmTC_54730.dir/CheckSymbolExists.c.o: In function `main':
CheckSymbolExists.c:(.text+0x16): undefined reference to `pthread_create'
collect2: error: ld returned 1 exit status
CMakeFiles/cmTC_54730.dir/build.make:97: recipe for target 'cmTC_54730' failed
make[1]: *** [cmTC_54730] Error 1
make[1]: Leaving directory '/home/neerja/catkin_ws/src/dds_application/dds_application/build/CMakeFiles/CMakeTmp'
Makefile:126: recipe for target 'cmTC_54730/fast' failed
make: *** [cmTC_54730/fast] Error 2

File /home/neerja/catkin_ws/src/dds_application/dds_application/build/CMakeFiles/CMakeTmp/CheckSymbolExists.c:
/* */
#include <pthread.h>

int main(int argc, char** argv)
{
  (void)argv;
#ifndef pthread_create
  return ((int*)(&pthread_create))[argc];
#else
  (void)argc;
  return 0;
#endif
}

Determining if the function pthread_create exists in the pthreads failed with the following output:
Change Dir: /home/neerja/catkin_ws/src/dds_application/dds_application/build/CMakeFiles/CMakeTmp

Run Build Command:"/usr/bin/make" "cmTC_b436c/fast"
/usr/bin/make -f CMakeFiles/cmTC_b436c.dir/build.make CMakeFiles/cmTC_b436c.dir/build
make[1]: Entering directory '/home/neerja/catkin_ws/src/dds_application/dds_application/build/CMakeFiles/CMakeTmp'
Building C object CMakeFiles/cmTC_b436c.dir/CheckFunctionExists.c.o
/usr/bin/cc    -DCHECK_FUNCTION_EXISTS=pthread_create   -o CMakeFiles/cmTC_b436c.dir/CheckFunctionExists.c.o   -c /usr/share/cmake-3.5/Modules/CheckFunctionExists.c
Linking C executable cmTC_b436c
/usr/bin/cmake -E cmake_link_script CMakeFiles/cmTC_b436c.dir/link.txt --verbose=1
/usr/bin/cc   -DCHECK_FUNCTION_EXISTS=pthread_create    CMakeFiles/cmTC_b436c.dir/CheckFunctionExists.c.o  -o cmTC_b436c -rdynamic -lpthreads 
/usr/bin/ld: cannot find -lpthreads
collect2: error: ld returned 1 exit status
CMakeFiles/cmTC_b436c.dir/build.make:97: recipe for target 'cmTC_b436c' failed
make[1]: *** [cmTC_b436c] Error 1
make[1]: Leaving directory '/home/neerja/catkin_ws/src/dds_application/dds_application/build/CMakeFiles/CMakeTmp'
Makefile:126: recipe for target 'cmTC_b436c/fast' failed
make: *** [cmTC_b436c/fast] Error 2


